# Release 1 failed scenarios
10
568,Entry point for SctpEchoTest.testSimpleEcho,1,2014-08-07 14:06:49.751,io.netty.testsuite.transport.sctp.SctpEchoTest.testSimpleEcho()
0
1
18178609,io.netty.testsuite.transport.sctp.SctpEchoTest.testSimpleEcho(),-1,org.junit.internal.AssumptionViolatedException: got: <false>, expected: is <true>,1.0
0
----------------------------------------------------------------------
133,Entry point for SctpEchoTest.testSimpleEcho,1,2014-08-07 11:13:29.104,io.netty.testsuite.transport.sctp.SctpEchoTest.testSimpleEcho()
0
1
4387001,io.netty.testsuite.transport.sctp.SctpEchoTest.testSimpleEcho(),-1,org.junit.internal.AssumptionViolatedException: got: <false>, expected: is <true>,1.0
0
----------------------------------------------------------------------
255,Entry point for SctpEchoTest.testSimpleEcho,1,2014-08-07 12:01:38.806,io.netty.testsuite.transport.sctp.SctpEchoTest.testSimpleEcho()
0
1
8183126,io.netty.testsuite.transport.sctp.SctpEchoTest.testSimpleEcho(),-1,org.junit.internal.AssumptionViolatedException: got: <false>, expected: is <true>,1.0
0
----------------------------------------------------------------------
323,Entry point for SctpEchoTest.testSimpleEcho,1,2014-08-07 12:29:19.07,io.netty.testsuite.transport.sctp.SctpEchoTest.testSimpleEcho()
0
1
10516966,io.netty.testsuite.transport.sctp.SctpEchoTest.testSimpleEcho(),-1,org.junit.internal.AssumptionViolatedException: got: <false>, expected: is <true>,1.0
0
----------------------------------------------------------------------
128,Entry point for SctpEchoTest.testSimpleEcho,1,2014-08-07 11:07:41.769,io.netty.testsuite.transport.sctp.SctpEchoTest.testSimpleEcho()
0
1
3852132,io.netty.testsuite.transport.sctp.SctpEchoTest.testSimpleEcho(),-1,org.junit.internal.AssumptionViolatedException: got: <false>, expected: is <true>,1.0
0
----------------------------------------------------------------------
486,Entry point for SctpEchoTest.testSimpleEcho,1,2014-08-07 13:41:29.825,io.netty.testsuite.transport.sctp.SctpEchoTest.testSimpleEcho()
0
1
16443767,io.netty.testsuite.transport.sctp.SctpEchoTest.testSimpleEcho(),-1,org.junit.internal.AssumptionViolatedException: got: <false>, expected: is <true>,1.0
0
----------------------------------------------------------------------
657,Entry point for SctpEchoTest.testSimpleEcho,1,2014-08-07 14:50:47.326,io.netty.testsuite.transport.sctp.SctpEchoTest.testSimpleEcho()
0
1
21894371,io.netty.testsuite.transport.sctp.SctpEchoTest.testSimpleEcho(),-1,org.junit.internal.AssumptionViolatedException: got: <false>, expected: is <true>,1.0
0
----------------------------------------------------------------------
403,Entry point for SctpEchoTest.testSimpleEcho,1,2014-08-07 13:07:11.807,io.netty.testsuite.transport.sctp.SctpEchoTest.testSimpleEcho()
0
1
13661575,io.netty.testsuite.transport.sctp.SctpEchoTest.testSimpleEcho(),-1,org.junit.internal.AssumptionViolatedException: got: <false>, expected: is <true>,1.0
0
----------------------------------------------------------------------
55,Entry point for SctpEchoTest.testSimpleEcho,1,2014-08-07 10:44:35.863,io.netty.testsuite.transport.sctp.SctpEchoTest.testSimpleEcho()
0
1
2078631,io.netty.testsuite.transport.sctp.SctpEchoTest.testSimpleEcho(),-1,org.junit.internal.AssumptionViolatedException: got: <false>, expected: is <true>,1.0
0
----------------------------------------------------------------------
392,Entry point for SctpEchoTest.testSimpleEcho,1,2014-08-07 12:55:19.588,io.netty.testsuite.transport.sctp.SctpEchoTest.testSimpleEcho()
0
1
12641498,io.netty.testsuite.transport.sctp.SctpEchoTest.testSimpleEcho(),-1,org.junit.internal.AssumptionViolatedException: got: <false>, expected: is <true>,1.0
0
----------------------------------------------------------------------
