# Cenários que falharam na evolução
10
353,Entry point for SctpEchoTest.testSimpleEcho,1,2014-05-03 03:24:25.603,io.netty.testsuite.transport.sctp.SctpEchoTest.testSimpleEcho()
0
1
11124012,io.netty.testsuite.transport.sctp.SctpEchoTest.testSimpleEcho(),-1,org.junit.internal.AssumptionViolatedException: got: <false>, expected: is <true>,1.0
0
-----------------------------------
145,Entry point for SctpEchoTest.testSimpleEcho,1,2014-05-03 02:00:24.719,io.netty.testsuite.transport.sctp.SctpEchoTest.testSimpleEcho()
0
1
4510331,io.netty.testsuite.transport.sctp.SctpEchoTest.testSimpleEcho(),-1,org.junit.internal.AssumptionViolatedException: got: <false>, expected: is <true>,1.0
0
-----------------------------------
616,Entry point for SctpEchoTest.testSimpleEcho,1,2014-05-03 05:14:07.239,io.netty.testsuite.transport.sctp.SctpEchoTest.testSimpleEcho()
0
1
19813949,io.netty.testsuite.transport.sctp.SctpEchoTest.testSimpleEcho(),-1,org.junit.internal.AssumptionViolatedException: got: <false>, expected: is <true>,1.0
0
-----------------------------------
55,Entry point for SctpEchoTest.testSimpleEcho,1,2014-05-03 01:28:17.897,io.netty.testsuite.transport.sctp.SctpEchoTest.testSimpleEcho()
0
1
2098839,io.netty.testsuite.transport.sctp.SctpEchoTest.testSimpleEcho(),-1,org.junit.internal.AssumptionViolatedException: got: <false>, expected: is <true>,1.0
0
-----------------------------------
664,Entry point for SctpEchoTest.testSimpleEcho,1,2014-05-03 05:31:28.993,io.netty.testsuite.transport.sctp.SctpEchoTest.testSimpleEcho()
0
1
20951737,io.netty.testsuite.transport.sctp.SctpEchoTest.testSimpleEcho(),-1,org.junit.internal.AssumptionViolatedException: got: <false>, expected: is <true>,1.0
0
-----------------------------------
469,Entry point for SctpEchoTest.testSimpleEcho,1,2014-05-03 04:08:48.964,io.netty.testsuite.transport.sctp.SctpEchoTest.testSimpleEcho()
0
1
14602807,io.netty.testsuite.transport.sctp.SctpEchoTest.testSimpleEcho(),-1,org.junit.internal.AssumptionViolatedException: got: <false>, expected: is <true>,1.0
0
-----------------------------------
271,Entry point for SctpEchoTest.testSimpleEcho,1,2014-05-03 02:53:54.253,io.netty.testsuite.transport.sctp.SctpEchoTest.testSimpleEcho()
0
1
8795039,io.netty.testsuite.transport.sctp.SctpEchoTest.testSimpleEcho(),-1,org.junit.internal.AssumptionViolatedException: got: <false>, expected: is <true>,1.0
0
-----------------------------------
484,Entry point for SctpEchoTest.testSimpleEcho,1,2014-05-03 04:19:05.852,io.netty.testsuite.transport.sctp.SctpEchoTest.testSimpleEcho()
0
1
15423800,io.netty.testsuite.transport.sctp.SctpEchoTest.testSimpleEcho(),-1,org.junit.internal.AssumptionViolatedException: got: <false>, expected: is <true>,1.0
0
-----------------------------------
318,Entry point for SctpEchoTest.testSimpleEcho,1,2014-05-03 03:14:03.677,io.netty.testsuite.transport.sctp.SctpEchoTest.testSimpleEcho()
0
1
10397943,io.netty.testsuite.transport.sctp.SctpEchoTest.testSimpleEcho(),-1,org.junit.internal.AssumptionViolatedException: got: <false>, expected: is <true>,1.0
0
-----------------------------------
138,Entry point for SctpEchoTest.testSimpleEcho,1,2014-05-03 01:58:16.019,io.netty.testsuite.transport.sctp.SctpEchoTest.testSimpleEcho()
0
1
4418462,io.netty.testsuite.transport.sctp.SctpEchoTest.testSimpleEcho(),-1,org.junit.internal.AssumptionViolatedException: got: <false>, expected: is <true>,1.0
0
-----------------------------------
