# Release 1 failed scenarios
20
227,Entry point for SocketConnectionAttemptTest.testConnectCancellation,1,2014-08-06 16:26:03.828,io.netty.testsuite.transport.socket.SocketConnectionAttemptTest.testConnectCancellation()
0
1
3702561,io.netty.testsuite.transport.socket.SocketConnectionAttemptTest.testConnectCancellation(io.netty.bootstrap.Bootstrap),-1,java.lang.AssertionError: 
Expected: is <false>
     but: was <true>,1.0
0
----------------------------------------------------------------------
166,Entry point for SocketConnectionAttemptTest.testConnectCancellation,1,2014-08-06 16:08:32.823,io.netty.testsuite.transport.socket.SocketConnectionAttemptTest.testConnectCancellation()
0
1
2748005,io.netty.testsuite.transport.socket.SocketConnectionAttemptTest.testConnectCancellation(io.netty.bootstrap.Bootstrap),-1,java.lang.AssertionError: 
Expected: is <false>
     but: was <true>,1.0
0
----------------------------------------------------------------------
124,Entry point for SctpEchoTest.testSimpleEcho,1,2014-08-06 15:59:25.718,io.netty.testsuite.transport.sctp.SctpEchoTest.testSimpleEcho()
0
1
2189869,io.netty.testsuite.transport.sctp.SctpEchoTest.testSimpleEcho(),-1,org.junit.internal.AssumptionViolatedException: got: <false>, expected: is <true>,1.0
0
----------------------------------------------------------------------
168,Entry point for SctpEchoTest.testSimpleEcho,1,2014-08-06 16:10:37.233,io.netty.testsuite.transport.sctp.SctpEchoTest.testSimpleEcho()
0
1
2748474,io.netty.testsuite.transport.sctp.SctpEchoTest.testSimpleEcho(),-1,org.junit.internal.AssumptionViolatedException: got: <false>, expected: is <true>,1.0
0
----------------------------------------------------------------------
111,Entry point for SocketConnectionAttemptTest.testConnectCancellation,1,2014-08-06 15:55:14.854,io.netty.testsuite.transport.socket.SocketConnectionAttemptTest.testConnectCancellation()
0
1
1936494,io.netty.testsuite.transport.socket.SocketConnectionAttemptTest.testConnectCancellation(io.netty.bootstrap.Bootstrap),-1,java.lang.AssertionError: 
Expected: is <false>
     but: was <true>,1.0
0
----------------------------------------------------------------------
51,Entry point for SctpEchoTest.testSimpleEcho,1,2014-08-06 15:39:50.677,io.netty.testsuite.transport.sctp.SctpEchoTest.testSimpleEcho()
0
1
898138,io.netty.testsuite.transport.sctp.SctpEchoTest.testSimpleEcho(),-1,org.junit.internal.AssumptionViolatedException: got: <false>, expected: is <true>,1.0
0
----------------------------------------------------------------------
23,Entry point for SocketConnectionAttemptTest.testConnectCancellation,1,2014-08-06 15:32:11.63,io.netty.testsuite.transport.socket.SocketConnectionAttemptTest.testConnectCancellation()
0
1
381871,io.netty.testsuite.transport.socket.SocketConnectionAttemptTest.testConnectCancellation(io.netty.bootstrap.Bootstrap),-1,java.lang.AssertionError: 
Expected: is <false>
     but: was <true>,1.0
0
----------------------------------------------------------------------
159,Entry point for SctpEchoTest.testSimpleEcho,1,2014-08-06 16:06:37.632,io.netty.testsuite.transport.sctp.SctpEchoTest.testSimpleEcho()
0
1
2640375,io.netty.testsuite.transport.sctp.SctpEchoTest.testSimpleEcho(),-1,org.junit.internal.AssumptionViolatedException: got: <false>, expected: is <true>,1.0
0
----------------------------------------------------------------------
207,Entry point for SocketConnectionAttemptTest.testConnectCancellation,1,2014-08-06 16:20:25.214,io.netty.testsuite.transport.socket.SocketConnectionAttemptTest.testConnectCancellation()
0
1
3322255,io.netty.testsuite.transport.socket.SocketConnectionAttemptTest.testConnectCancellation(io.netty.bootstrap.Bootstrap),-1,java.lang.AssertionError: 
Expected: is <false>
     but: was <true>,1.0
0
----------------------------------------------------------------------
12,Entry point for SctpEchoTest.testSimpleEcho,1,2014-08-06 15:28:54.758,io.netty.testsuite.transport.sctp.SctpEchoTest.testSimpleEcho()
0
1
246870,io.netty.testsuite.transport.sctp.SctpEchoTest.testSimpleEcho(),-1,org.junit.internal.AssumptionViolatedException: got: <false>, expected: is <true>,1.0
0
----------------------------------------------------------------------
26,Entry point for SctpEchoTest.testSimpleEcho,1,2014-08-06 15:33:16.963,io.netty.testsuite.transport.sctp.SctpEchoTest.testSimpleEcho()
0
1
485732,io.netty.testsuite.transport.sctp.SctpEchoTest.testSimpleEcho(),-1,org.junit.internal.AssumptionViolatedException: got: <false>, expected: is <true>,1.0
0
----------------------------------------------------------------------
195,Entry point for SctpEchoTest.testSimpleEcho,1,2014-08-06 16:17:42.677,io.netty.testsuite.transport.sctp.SctpEchoTest.testSimpleEcho()
0
1
3166369,io.netty.testsuite.transport.sctp.SctpEchoTest.testSimpleEcho(),-1,org.junit.internal.AssumptionViolatedException: got: <false>, expected: is <true>,1.0
0
----------------------------------------------------------------------
87,Entry point for SocketConnectionAttemptTest.testConnectCancellation,1,2014-08-06 15:48:25.025,io.netty.testsuite.transport.socket.SocketConnectionAttemptTest.testConnectCancellation()
0
1
1454062,io.netty.testsuite.transport.socket.SocketConnectionAttemptTest.testConnectCancellation(io.netty.bootstrap.Bootstrap),-1,java.lang.AssertionError: 
Expected: is <false>
     but: was <true>,1.0
0
----------------------------------------------------------------------
75,Entry point for SctpEchoTest.testSimpleEcho,1,2014-08-06 15:45:54.329,io.netty.testsuite.transport.sctp.SctpEchoTest.testSimpleEcho()
0
1
1292460,io.netty.testsuite.transport.sctp.SctpEchoTest.testSimpleEcho(),-1,org.junit.internal.AssumptionViolatedException: got: <false>, expected: is <true>,1.0
0
----------------------------------------------------------------------
125,Entry point for SocketConnectionAttemptTest.testConnectCancellation,1,2014-08-06 15:59:27.496,io.netty.testsuite.transport.socket.SocketConnectionAttemptTest.testConnectCancellation()
0
1
2189884,io.netty.testsuite.transport.socket.SocketConnectionAttemptTest.testConnectCancellation(io.netty.bootstrap.Bootstrap),-1,java.lang.AssertionError: 
Expected: is <false>
     but: was <true>,1.0
0
----------------------------------------------------------------------
100,Entry point for SctpEchoTest.testSimpleEcho,1,2014-08-06 15:52:47.527,io.netty.testsuite.transport.sctp.SctpEchoTest.testSimpleEcho()
0
1
1789494,io.netty.testsuite.transport.sctp.SctpEchoTest.testSimpleEcho(),-1,org.junit.internal.AssumptionViolatedException: got: <false>, expected: is <true>,1.0
0
----------------------------------------------------------------------
223,Entry point for SctpEchoTest.testSimpleEcho,1,2014-08-06 16:24:22.163,io.netty.testsuite.transport.sctp.SctpEchoTest.testSimpleEcho()
0
1
3565684,io.netty.testsuite.transport.sctp.SctpEchoTest.testSimpleEcho(),-1,org.junit.internal.AssumptionViolatedException: got: <false>, expected: is <true>,1.0
0
----------------------------------------------------------------------
144,Entry point for SocketConnectionAttemptTest.testConnectCancellation,1,2014-08-06 16:02:57.691,io.netty.testsuite.transport.socket.SocketConnectionAttemptTest.testConnectCancellation()
0
1
2368824,io.netty.testsuite.transport.socket.SocketConnectionAttemptTest.testConnectCancellation(io.netty.bootstrap.Bootstrap),-1,java.lang.AssertionError: 
Expected: is <false>
     but: was <true>,1.0
0
----------------------------------------------------------------------
19,Entry point for SocketConnectionAttemptTest.testConnectCancellation,1,2014-08-06 15:30:43.646,io.netty.testsuite.transport.socket.SocketConnectionAttemptTest.testConnectCancellation()
0
1
369687,io.netty.testsuite.transport.socket.SocketConnectionAttemptTest.testConnectCancellation(io.netty.bootstrap.Bootstrap),-1,java.lang.AssertionError: 
Expected: is <false>
     but: was <true>,1.0
0
----------------------------------------------------------------------
65,Entry point for SocketConnectionAttemptTest.testConnectCancellation,1,2014-08-06 15:42:50.732,io.netty.testsuite.transport.socket.SocketConnectionAttemptTest.testConnectCancellation()
0
1
1043585,io.netty.testsuite.transport.socket.SocketConnectionAttemptTest.testConnectCancellation(io.netty.bootstrap.Bootstrap),-1,java.lang.AssertionError: 
Expected: is <false>
     but: was <true>,1.0
0
----------------------------------------------------------------------
